2019-05-21 12:41:17 INFO attendance_basic_report.py 51 insert_into_db [36mInserting into table[0m
2019-05-21 12:41:17 INFO attendance_basic_report.py 51 insert_into_db [36mInserting into table[0m
2019-05-21 12:41:17 INFO attendance_basic_report.py 51 insert_into_db [36mInserting into table[0m
2019-05-21 12:41:17 INFO attendance_basic_report.py 51 insert_into_db [36mInserting into table[0m
2019-05-21 12:41:17 INFO attendance_basic_report.py 51 insert_into_db [36mInserting into table[0m
2019-05-21 12:41:17 INFO attendance_basic_report.py 51 insert_into_db [36mInserting into table[0m
2019-05-21 12:41:17 INFO attendance_basic_report.py 51 insert_into_db [36mInserting into table[0m
2019-05-21 12:41:17 INFO attendance_basic_report.py 51 insert_into_db [36mInserting into table[0m
2019-05-21 12:41:17 INFO attendance_basic_report.py 51 insert_into_db [36mInserting into table[0m
2019-05-21 12:41:17 INFO attendance_basic_report.py 51 insert_into_db [36mInserting into table[0m
2019-05-21 12:41:17 INFO attendance_basic_report.py 51 insert_into_db [36mInserting into table[0m
2019-05-21 12:41:17 INFO attendance_basic_report.py 51 insert_into_db [36mInserting into table[0m
2019-05-21 12:41:17 INFO attendance_basic_report.py 51 insert_into_db [36mInserting into table[0m
2019-05-21 12:41:17 INFO attendance_basic_report.py 51 insert_into_db [36mInserting into table[0m
2019-05-21 12:41:18 INFO attendance_basic_report.py 51 insert_into_db [36mInserting into table[0m
2019-05-21 12:41:18 INFO attendance_basic_report.py 51 insert_into_db [36mInserting into table[0m
2019-05-21 12:41:18 INFO attendance_basic_report.py 51 insert_into_db [36mInserting into table[0m
2019-05-21 12:41:18 INFO attendance_basic_report.py 51 insert_into_db [36mInserting into table[0m
2019-05-21 12:41:18 INFO attendance_basic_report.py 51 insert_into_db [36mInserting into table[0m
2019-05-21 12:41:18 INFO attendance_basic_report.py 51 insert_into_db [36mInserting into table[0m
2019-05-21 12:41:18 INFO attendance_basic_report.py 51 insert_into_db [36mInserting into table[0m
2019-05-21 12:41:18 INFO attendance_basic_report.py 51 insert_into_db [36mInserting into table[0m
2019-05-21 12:41:18 INFO attendance_basic_report.py 51 insert_into_db [36mInserting into table[0m
2019-05-21 12:41:18 INFO attendance_basic_report.py 51 insert_into_db [36mInserting into table[0m
2019-05-21 12:41:18 INFO attendance_basic_report.py 51 insert_into_db [36mInserting into table[0m
2019-05-21 12:41:18 INFO attendance_basic_report.py 51 insert_into_db [36mInserting into table[0m
2019-05-21 12:41:18 INFO attendance_basic_report.py 51 insert_into_db [36mInserting into table[0m
2019-05-21 12:41:18 INFO attendance_basic_report.py 51 insert_into_db [36mInserting into table[0m
2019-05-21 12:41:18 INFO attendance_basic_report.py 51 insert_into_db [36mInserting into table[0m
2019-05-21 12:41:18 INFO attendance_basic_report.py 51 insert_into_db [36mInserting into table[0m
2019-05-21 12:41:18 INFO attendance_basic_report.py 51 insert_into_db [36mInserting into table[0m
2019-05-21 12:41:18 INFO attendance_basic_report.py 51 insert_into_db [36mInserting into table[0m
2019-05-21 12:41:18 INFO attendance_basic_report.py 51 insert_into_db [36mInserting into table[0m
2019-05-21 12:41:18 INFO attendance_basic_report.py 51 insert_into_db [36mInserting into table[0m
2019-05-21 12:41:18 INFO attendance_basic_report.py 51 insert_into_db [36mInserting into table[0m
2019-05-21 12:41:18 INFO attendance_basic_report.py 51 insert_into_db [36mInserting into table[0m
2019-05-21 12:41:18 INFO attendance_basic_report.py 51 insert_into_db [36mInserting into table[0m
2019-05-21 12:41:18 INFO attendance_basic_report.py 51 insert_into_db [36mInserting into table[0m
2019-05-21 12:41:18 INFO attendance_basic_report.py 51 insert_into_db [36mInserting into table[0m
2019-05-21 12:41:18 INFO attendance_basic_report.py 51 insert_into_db [36mInserting into table[0m
2019-05-21 12:41:18 INFO attendance_basic_report.py 51 insert_into_db [36mInserting into table[0m
2019-05-21 12:41:18 INFO attendance_basic_report.py 51 insert_into_db [36mInserting into table[0m
2019-05-21 12:41:19 INFO attendance_basic_report.py 51 insert_into_db [36mInserting into table[0m
2019-05-21 12:41:19 INFO attendance_basic_report.py 51 insert_into_db [36mInserting into table[0m
2019-05-21 12:41:19 INFO attendance_basic_report.py 51 insert_into_db [36mInserting into table[0m
2019-05-21 12:41:19 INFO attendance_basic_report.py 51 insert_into_db [36mInserting into table[0m
2019-05-21 12:41:19 INFO attendance_basic_report.py 51 insert_into_db [36mInserting into table[0m
2019-05-21 12:41:19 INFO attendance_basic_report.py 51 insert_into_db [36mInserting into table[0m
2019-05-21 12:41:19 INFO attendance_basic_report.py 51 insert_into_db [36mInserting into table[0m
2019-05-21 12:41:19 INFO attendance_basic_report.py 51 insert_into_db [36mInserting into table[0m
2019-05-21 12:41:19 INFO attendance_basic_report.py 51 insert_into_db [36mInserting into table[0m
2019-05-21 12:41:19 INFO attendance_basic_report.py 51 insert_into_db [36mInserting into table[0m
2019-05-21 12:41:19 INFO attendance_basic_report.py 51 insert_into_db [36mInserting into table[0m
2019-05-21 12:41:19 INFO attendance_basic_report.py 51 insert_into_db [36mInserting into table[0m
2019-05-21 12:41:19 INFO attendance_basic_report.py 51 insert_into_db [36mInserting into table[0m
2019-05-21 12:41:19 INFO attendance_basic_report.py 51 insert_into_db [36mInserting into table[0m
2019-05-21 12:41:19 INFO attendance_basic_report.py 51 insert_into_db [36mInserting into table[0m
2019-05-21 12:41:19 INFO attendance_basic_report.py 51 insert_into_db [36mInserting into table[0m
2019-05-21 12:41:19 INFO attendance_basic_report.py 51 insert_into_db [36mInserting into table[0m
2019-05-21 12:41:19 INFO attendance_basic_report.py 51 insert_into_db [36mInserting into table[0m
2019-05-21 12:41:19 INFO attendance_basic_report.py 51 insert_into_db [36mInserting into table[0m
2019-05-21 12:41:19 INFO attendance_basic_report.py 51 insert_into_db [36mInserting into table[0m
2019-05-21 12:41:19 INFO attendance_basic_report.py 51 insert_into_db [36mInserting into table[0m
2019-05-21 12:41:19 INFO attendance_basic_report.py 51 insert_into_db [36mInserting into table[0m
2019-05-21 12:41:20 INFO attendance_basic_report.py 51 insert_into_db [36mInserting into table[0m
2019-05-21 12:41:20 INFO attendance_basic_report.py 51 insert_into_db [36mInserting into table[0m
2019-05-21 12:41:20 INFO attendance_basic_report.py 51 insert_into_db [36mInserting into table[0m
2019-05-21 12:41:20 INFO attendance_basic_report.py 51 insert_into_db [36mInserting into table[0m
2019-05-21 12:41:20 INFO attendance_basic_report.py 51 insert_into_db [36mInserting into table[0m
2019-05-21 12:41:20 INFO attendance_basic_report.py 51 insert_into_db [36mInserting into table[0m
2019-05-21 12:41:20 INFO attendance_basic_report.py 51 insert_into_db [36mInserting into table[0m
2019-05-21 12:41:20 INFO attendance_basic_report.py 51 insert_into_db [36mInserting into table[0m
2019-05-21 12:41:20 INFO attendance_basic_report.py 51 insert_into_db [36mInserting into table[0m
2019-05-21 12:41:20 INFO attendance_basic_report.py 51 insert_into_db [36mInserting into table[0m
2019-05-21 12:41:20 INFO attendance_basic_report.py 51 insert_into_db [36mInserting into table[0m
2019-05-21 12:41:20 INFO attendance_basic_report.py 51 insert_into_db [36mInserting into table[0m
2019-05-21 12:41:20 INFO attendance_basic_report.py 51 insert_into_db [36mInserting into table[0m
2019-05-21 12:41:20 INFO attendance_basic_report.py 51 insert_into_db [36mInserting into table[0m
2019-05-21 12:41:20 INFO attendance_basic_report.py 51 insert_into_db [36mInserting into table[0m
2019-05-21 12:41:20 INFO attendance_basic_report.py 51 insert_into_db [36mInserting into table[0m
2019-05-21 12:41:20 INFO attendance_basic_report.py 51 insert_into_db [36mInserting into table[0m
2019-05-21 12:41:20 INFO attendance_basic_report.py 51 insert_into_db [36mInserting into table[0m
2019-05-21 12:41:20 INFO attendance_basic_report.py 51 insert_into_db [36mInserting into table[0m
2019-05-21 12:41:20 INFO attendance_basic_report.py 51 insert_into_db [36mInserting into table[0m
2019-05-21 12:41:20 INFO attendance_basic_report.py 51 insert_into_db [36mInserting into table[0m
2019-05-21 12:41:20 INFO attendance_basic_report.py 51 insert_into_db [36mInserting into table[0m
2019-05-21 12:41:20 ERROR attendance_basic_report.py 56 insert_into_db [31m(1292, "Incorrect time value: 'nan' for column 'in_time' at row 1")[0m
2019-05-21 12:41:20 INFO attendance_basic_report.py 94 main [33mupdated Successfully[0m
2019-05-21 16:09:17 ERROR attendance_basic_report.py 54 insert_into_db [31m(1062, "Duplicate entry '1-2019-05-20' for key 'unique_index'")[0m
2019-05-21 16:09:17 ERROR attendance_basic_report.py 54 insert_into_db [31m(1062, "Duplicate entry '2-2019-05-20' for key 'unique_index'")[0m
2019-05-21 16:09:17 ERROR attendance_basic_report.py 54 insert_into_db [31m(1062, "Duplicate entry '3-2019-05-20' for key 'unique_index'")[0m
2019-05-21 16:09:17 ERROR attendance_basic_report.py 54 insert_into_db [31m(1062, "Duplicate entry '4-2019-05-20' for key 'unique_index'")[0m
2019-05-21 16:09:17 ERROR attendance_basic_report.py 54 insert_into_db [31m(1062, "Duplicate entry '5-2019-05-20' for key 'unique_index'")[0m
2019-05-21 16:09:17 ERROR attendance_basic_report.py 54 insert_into_db [31m(1062, "Duplicate entry '6-2019-05-20' for key 'unique_index'")[0m
2019-05-21 16:09:17 ERROR attendance_basic_report.py 54 insert_into_db [31m(1062, "Duplicate entry '7-2019-05-20' for key 'unique_index'")[0m
2019-05-21 16:09:17 ERROR attendance_basic_report.py 54 insert_into_db [31m(1062, "Duplicate entry '8-2019-05-20' for key 'unique_index'")[0m
2019-05-21 16:09:17 ERROR attendance_basic_report.py 54 insert_into_db [31m(1062, "Duplicate entry '9-2019-05-20' for key 'unique_index'")[0m
2019-05-21 16:09:17 ERROR attendance_basic_report.py 54 insert_into_db [31m(1062, "Duplicate entry '11-2019-05-20' for key 'unique_index'")[0m
2019-05-21 16:09:17 ERROR attendance_basic_report.py 54 insert_into_db [31m(1062, "Duplicate entry '12-2019-05-20' for key 'unique_index'")[0m
2019-05-21 16:09:17 ERROR attendance_basic_report.py 54 insert_into_db [31m(1062, "Duplicate entry '22-2019-05-20' for key 'unique_index'")[0m
2019-05-21 16:09:17 ERROR attendance_basic_report.py 54 insert_into_db [31m(1062, "Duplicate entry '333-2019-05-20' for key 'unique_index'")[0m
2019-05-21 16:09:17 ERROR attendance_basic_report.py 54 insert_into_db [31m(1062, "Duplicate entry '1111-2019-05-20' for key 'unique_index'")[0m
2019-05-21 16:09:17 ERROR attendance_basic_report.py 54 insert_into_db [31m(1062, "Duplicate entry '2610-2019-05-20' for key 'unique_index'")[0m
2019-05-21 16:09:17 ERROR attendance_basic_report.py 54 insert_into_db [31m(1062, "Duplicate entry '2660-2019-05-20' for key 'unique_index'")[0m
2019-05-21 16:09:17 ERROR attendance_basic_report.py 54 insert_into_db [31m(1062, "Duplicate entry '2836-2019-05-20' for key 'unique_index'")[0m
2019-05-21 16:09:17 ERROR attendance_basic_report.py 54 insert_into_db [31m(1062, "Duplicate entry '2911-2019-05-20' for key 'unique_index'")[0m
2019-05-21 16:09:17 ERROR attendance_basic_report.py 54 insert_into_db [31m(1062, "Duplicate entry '2927-2019-05-20' for key 'unique_index'")[0m
2019-05-21 16:09:17 ERROR attendance_basic_report.py 54 insert_into_db [31m(1062, "Duplicate entry '2938-2019-05-20' for key 'unique_index'")[0m
2019-05-21 16:09:17 ERROR attendance_basic_report.py 54 insert_into_db [31m(1062, "Duplicate entry '2964-2019-05-20' for key 'unique_index'")[0m
2019-05-21 16:09:17 ERROR attendance_basic_report.py 54 insert_into_db [31m(1062, "Duplicate entry '3029-2019-05-20' for key 'unique_index'")[0m
2019-05-21 16:09:17 ERROR attendance_basic_report.py 54 insert_into_db [31m(1062, "Duplicate entry '3047-2019-05-20' for key 'unique_index'")[0m
2019-05-21 16:09:17 ERROR attendance_basic_report.py 54 insert_into_db [31m(1062, "Duplicate entry '3059-2019-05-20' for key 'unique_index'")[0m
2019-05-21 16:09:17 ERROR attendance_basic_report.py 54 insert_into_db [31m(1062, "Duplicate entry '3061-2019-05-20' for key 'unique_index'")[0m
2019-05-21 16:09:17 ERROR attendance_basic_report.py 54 insert_into_db [31m(1062, "Duplicate entry '3144-2019-05-20' for key 'unique_index'")[0m
2019-05-21 16:09:17 ERROR attendance_basic_report.py 54 insert_into_db [31m(1062, "Duplicate entry '3155-2019-05-20' for key 'unique_index'")[0m
2019-05-21 16:09:17 ERROR attendance_basic_report.py 54 insert_into_db [31m(1062, "Duplicate entry '3159-2019-05-20' for key 'unique_index'")[0m
2019-05-21 16:09:17 ERROR attendance_basic_report.py 54 insert_into_db [31m(1062, "Duplicate entry '3162-2019-05-20' for key 'unique_index'")[0m
2019-05-21 16:09:17 ERROR attendance_basic_report.py 54 insert_into_db [31m(1062, "Duplicate entry '3176-2019-05-20' for key 'unique_index'")[0m
2019-05-21 16:09:17 ERROR attendance_basic_report.py 54 insert_into_db [31m(1062, "Duplicate entry '3218-2019-05-20' for key 'unique_index'")[0m
2019-05-21 16:09:17 ERROR attendance_basic_report.py 54 insert_into_db [31m(1062, "Duplicate entry '3219-2019-05-20' for key 'unique_index'")[0m
2019-05-21 16:09:17 ERROR attendance_basic_report.py 54 insert_into_db [31m(1062, "Duplicate entry '3293-2019-05-20' for key 'unique_index'")[0m
2019-05-21 16:09:17 ERROR attendance_basic_report.py 54 insert_into_db [31m(1062, "Duplicate entry '3305-2019-05-20' for key 'unique_index'")[0m
2019-05-21 16:09:17 ERROR attendance_basic_report.py 54 insert_into_db [31m(1062, "Duplicate entry '3309-2019-05-20' for key 'unique_index'")[0m
2019-05-21 16:09:17 ERROR attendance_basic_report.py 54 insert_into_db [31m(1062, "Duplicate entry '3311-2019-05-20' for key 'unique_index'")[0m
2019-05-21 16:09:17 ERROR attendance_basic_report.py 54 insert_into_db [31m(1062, "Duplicate entry '3314-2019-05-20' for key 'unique_index'")[0m
2019-05-21 16:09:17 ERROR attendance_basic_report.py 54 insert_into_db [31m(1062, "Duplicate entry '3315-2019-05-20' for key 'unique_index'")[0m
2019-05-21 16:09:17 ERROR attendance_basic_report.py 54 insert_into_db [31m(1062, "Duplicate entry '3319-2019-05-20' for key 'unique_index'")[0m
2019-05-21 16:09:18 ERROR attendance_basic_report.py 54 insert_into_db [31m(1062, "Duplicate entry '3323-2019-05-20' for key 'unique_index'")[0m
2019-05-21 16:09:18 ERROR attendance_basic_report.py 54 insert_into_db [31m(1062, "Duplicate entry '3333-2019-05-20' for key 'unique_index'")[0m
2019-05-21 16:09:18 ERROR attendance_basic_report.py 54 insert_into_db [31m(1062, "Duplicate entry '3347-2019-05-20' for key 'unique_index'")[0m
2019-05-21 16:09:18 ERROR attendance_basic_report.py 54 insert_into_db [31m(1062, "Duplicate entry '3356-2019-05-20' for key 'unique_index'")[0m
2019-05-21 16:09:18 ERROR attendance_basic_report.py 54 insert_into_db [31m(1062, "Duplicate entry '3362-2019-05-20' for key 'unique_index'")[0m
2019-05-21 16:09:18 ERROR attendance_basic_report.py 54 insert_into_db [31m(1062, "Duplicate entry '3363-2019-05-20' for key 'unique_index'")[0m
2019-05-21 16:09:18 ERROR attendance_basic_report.py 54 insert_into_db [31m(1062, "Duplicate entry '3364-2019-05-20' for key 'unique_index'")[0m
2019-05-21 16:09:18 ERROR attendance_basic_report.py 54 insert_into_db [31m(1062, "Duplicate entry '3369-2019-05-20' for key 'unique_index'")[0m
2019-05-21 16:09:18 ERROR attendance_basic_report.py 54 insert_into_db [31m(1062, "Duplicate entry '3370-2019-05-20' for key 'unique_index'")[0m
2019-05-21 16:09:18 ERROR attendance_basic_report.py 54 insert_into_db [31m(1062, "Duplicate entry '3382-2019-05-20' for key 'unique_index'")[0m
2019-05-21 16:09:18 ERROR attendance_basic_report.py 54 insert_into_db [31m(1062, "Duplicate entry '3394-2019-05-20' for key 'unique_index'")[0m
2019-05-21 16:09:18 ERROR attendance_basic_report.py 54 insert_into_db [31m(1062, "Duplicate entry '3396-2019-05-20' for key 'unique_index'")[0m
2019-05-21 16:09:18 ERROR attendance_basic_report.py 54 insert_into_db [31m(1062, "Duplicate entry '3397-2019-05-20' for key 'unique_index'")[0m
2019-05-21 16:09:18 ERROR attendance_basic_report.py 54 insert_into_db [31m(1062, "Duplicate entry '3398-2019-05-20' for key 'unique_index'")[0m
2019-05-21 16:09:18 ERROR attendance_basic_report.py 54 insert_into_db [31m(1062, "Duplicate entry '3400-2019-05-20' for key 'unique_index'")[0m
2019-05-21 16:09:18 ERROR attendance_basic_report.py 54 insert_into_db [31m(1062, "Duplicate entry '3401-2019-05-20' for key 'unique_index'")[0m
2019-05-21 16:09:18 ERROR attendance_basic_report.py 54 insert_into_db [31m(1062, "Duplicate entry '3406-2019-05-20' for key 'unique_index'")[0m
2019-05-21 16:09:18 ERROR attendance_basic_report.py 54 insert_into_db [31m(1062, "Duplicate entry '3408-2019-05-20' for key 'unique_index'")[0m
2019-05-21 16:09:18 ERROR attendance_basic_report.py 54 insert_into_db [31m(1062, "Duplicate entry '3410-2019-05-20' for key 'unique_index'")[0m
2019-05-21 16:09:18 ERROR attendance_basic_report.py 54 insert_into_db [31m(1062, "Duplicate entry '3411-2019-05-20' for key 'unique_index'")[0m
2019-05-21 16:09:18 ERROR attendance_basic_report.py 54 insert_into_db [31m(1062, "Duplicate entry '3413-2019-05-20' for key 'unique_index'")[0m
2019-05-21 16:09:18 ERROR attendance_basic_report.py 54 insert_into_db [31m(1062, "Duplicate entry '3414-2019-05-20' for key 'unique_index'")[0m
2019-05-21 16:09:18 ERROR attendance_basic_report.py 54 insert_into_db [31m(1062, "Duplicate entry '3415-2019-05-20' for key 'unique_index'")[0m
2019-05-21 16:09:18 ERROR attendance_basic_report.py 54 insert_into_db [31m(1062, "Duplicate entry '3418-2019-05-20' for key 'unique_index'")[0m
2019-05-21 16:09:18 ERROR attendance_basic_report.py 54 insert_into_db [31m(1062, "Duplicate entry '3423-2019-05-20' for key 'unique_index'")[0m
2019-05-21 16:09:18 ERROR attendance_basic_report.py 54 insert_into_db [31m(1062, "Duplicate entry '3428-2019-05-20' for key 'unique_index'")[0m
2019-05-21 16:09:18 ERROR attendance_basic_report.py 54 insert_into_db [31m(1062, "Duplicate entry '3432-2019-05-20' for key 'unique_index'")[0m
2019-05-21 16:09:18 ERROR attendance_basic_report.py 54 insert_into_db [31m(1062, "Duplicate entry '3435-2019-05-20' for key 'unique_index'")[0m
2019-05-21 16:09:18 ERROR attendance_basic_report.py 54 insert_into_db [31m(1062, "Duplicate entry '3438-2019-05-20' for key 'unique_index'")[0m
2019-05-21 16:09:18 ERROR attendance_basic_report.py 54 insert_into_db [31m(1062, "Duplicate entry '3439-2019-05-20' for key 'unique_index'")[0m
2019-05-21 16:09:18 ERROR attendance_basic_report.py 54 insert_into_db [31m(1062, "Duplicate entry '3440-2019-05-20' for key 'unique_index'")[0m
2019-05-21 16:09:18 ERROR attendance_basic_report.py 54 insert_into_db [31m(1062, "Duplicate entry '3443-2019-05-20' for key 'unique_index'")[0m
2019-05-21 16:09:18 ERROR attendance_basic_report.py 54 insert_into_db [31m(1062, "Duplicate entry '3446-2019-05-20' for key 'unique_index'")[0m
2019-05-21 16:09:18 ERROR attendance_basic_report.py 54 insert_into_db [31m(1062, "Duplicate entry '3448-2019-05-20' for key 'unique_index'")[0m
2019-05-21 16:09:18 ERROR attendance_basic_report.py 54 insert_into_db [31m(1062, "Duplicate entry '3451-2019-05-20' for key 'unique_index'")[0m
2019-05-21 16:09:18 ERROR attendance_basic_report.py 54 insert_into_db [31m(1062, "Duplicate entry '3456-2019-05-20' for key 'unique_index'")[0m
2019-05-21 16:09:18 ERROR attendance_basic_report.py 54 insert_into_db [31m(1062, "Duplicate entry '3459-2019-05-20' for key 'unique_index'")[0m
2019-05-21 16:09:18 ERROR attendance_basic_report.py 54 insert_into_db [31m(1062, "Duplicate entry '3460-2019-05-20' for key 'unique_index'")[0m
2019-05-21 16:09:18 ERROR attendance_basic_report.py 54 insert_into_db [31m(1062, "Duplicate entry '3465-2019-05-20' for key 'unique_index'")[0m
2019-05-21 16:09:18 ERROR attendance_basic_report.py 54 insert_into_db [31m(1062, "Duplicate entry '3467-2019-05-20' for key 'unique_index'")[0m
2019-05-21 16:09:18 ERROR attendance_basic_report.py 54 insert_into_db [31m(1062, "Duplicate entry '3468-2019-05-20' for key 'unique_index'")[0m
2019-05-21 16:09:18 ERROR attendance_basic_report.py 54 insert_into_db [31m(1062, "Duplicate entry '3470-2019-05-20' for key 'unique_index'")[0m
2019-05-21 16:09:18 ERROR attendance_basic_report.py 54 insert_into_db [31m(1062, "Duplicate entry '3471-2019-05-20' for key 'unique_index'")[0m
2019-05-21 16:09:18 ERROR attendance_basic_report.py 54 insert_into_db [31m(1062, "Duplicate entry '3474-2019-05-20' for key 'unique_index'")[0m
2019-05-21 16:09:18 ERROR attendance_basic_report.py 54 insert_into_db [31m(1062, "Duplicate entry '3475-2019-05-20' for key 'unique_index'")[0m
2019-05-21 16:09:18 ERROR attendance_basic_report.py 54 insert_into_db [31m(1062, "Duplicate entry '10101-2019-05-20' for key 'unique_index'")[0m
2019-05-21 16:09:18 ERROR attendance_basic_report.py 54 insert_into_db [31m(1062, "Duplicate entry 'TestEmployee1-2019-05-20' for key 'unique_index'")[0m
2019-05-21 16:09:18 ERROR attendance_basic_report.py 56 insert_into_db [31m(1292, "Incorrect time value: 'nan' for column 'in_time' at row 1")[0m
2019-05-21 16:09:18 INFO attendance_basic_report.py 94 main [33mupdated Successfully[0m
2019-05-21 18:28:07 INFO attendance_basic_report.py 51 insert_into_db [36mInserting into table[0m
2019-05-21 18:28:07 INFO attendance_basic_report.py 51 insert_into_db [36mInserting into table[0m
2019-05-21 18:28:07 INFO attendance_basic_report.py 51 insert_into_db [36mInserting into table[0m
2019-05-21 18:28:07 INFO attendance_basic_report.py 51 insert_into_db [36mInserting into table[0m
2019-05-21 18:28:07 INFO attendance_basic_report.py 51 insert_into_db [36mInserting into table[0m
2019-05-21 18:28:07 INFO attendance_basic_report.py 51 insert_into_db [36mInserting into table[0m
2019-05-21 18:28:07 INFO attendance_basic_report.py 51 insert_into_db [36mInserting into table[0m
2019-05-21 18:28:07 INFO attendance_basic_report.py 51 insert_into_db [36mInserting into table[0m
2019-05-21 18:28:08 INFO attendance_basic_report.py 51 insert_into_db [36mInserting into table[0m
2019-05-21 18:28:08 INFO attendance_basic_report.py 51 insert_into_db [36mInserting into table[0m
2019-05-21 18:28:08 INFO attendance_basic_report.py 51 insert_into_db [36mInserting into table[0m
2019-05-21 18:28:08 INFO attendance_basic_report.py 51 insert_into_db [36mInserting into table[0m
2019-05-21 18:28:08 INFO attendance_basic_report.py 51 insert_into_db [36mInserting into table[0m
2019-05-21 18:28:08 INFO attendance_basic_report.py 51 insert_into_db [36mInserting into table[0m
2019-05-21 18:28:08 INFO attendance_basic_report.py 51 insert_into_db [36mInserting into table[0m
2019-05-21 18:28:08 INFO attendance_basic_report.py 51 insert_into_db [36mInserting into table[0m
2019-05-21 18:28:08 INFO attendance_basic_report.py 51 insert_into_db [36mInserting into table[0m
2019-05-21 18:28:08 INFO attendance_basic_report.py 51 insert_into_db [36mInserting into table[0m
2019-05-21 18:28:08 INFO attendance_basic_report.py 51 insert_into_db [36mInserting into table[0m
2019-05-21 18:28:08 INFO attendance_basic_report.py 51 insert_into_db [36mInserting into table[0m
2019-05-21 18:28:08 INFO attendance_basic_report.py 51 insert_into_db [36mInserting into table[0m
2019-05-21 18:28:08 INFO attendance_basic_report.py 51 insert_into_db [36mInserting into table[0m
2019-05-21 18:28:08 INFO attendance_basic_report.py 51 insert_into_db [36mInserting into table[0m
2019-05-21 18:28:08 INFO attendance_basic_report.py 51 insert_into_db [36mInserting into table[0m
2019-05-21 18:28:08 INFO attendance_basic_report.py 51 insert_into_db [36mInserting into table[0m
2019-05-21 18:28:08 INFO attendance_basic_report.py 51 insert_into_db [36mInserting into table[0m
2019-05-21 18:28:08 INFO attendance_basic_report.py 51 insert_into_db [36mInserting into table[0m
2019-05-21 18:28:08 INFO attendance_basic_report.py 51 insert_into_db [36mInserting into table[0m
2019-05-21 18:28:08 INFO attendance_basic_report.py 51 insert_into_db [36mInserting into table[0m
2019-05-21 18:28:08 INFO attendance_basic_report.py 51 insert_into_db [36mInserting into table[0m
2019-05-21 18:28:08 INFO attendance_basic_report.py 51 insert_into_db [36mInserting into table[0m
2019-05-21 18:28:09 INFO attendance_basic_report.py 51 insert_into_db [36mInserting into table[0m
2019-05-21 18:28:09 INFO attendance_basic_report.py 51 insert_into_db [36mInserting into table[0m
2019-05-21 18:28:09 INFO attendance_basic_report.py 51 insert_into_db [36mInserting into table[0m
2019-05-21 18:28:09 INFO attendance_basic_report.py 51 insert_into_db [36mInserting into table[0m
2019-05-21 18:28:09 INFO attendance_basic_report.py 51 insert_into_db [36mInserting into table[0m
2019-05-21 18:28:09 INFO attendance_basic_report.py 51 insert_into_db [36mInserting into table[0m
2019-05-21 18:28:09 INFO attendance_basic_report.py 51 insert_into_db [36mInserting into table[0m
2019-05-21 18:28:09 INFO attendance_basic_report.py 51 insert_into_db [36mInserting into table[0m
2019-05-21 18:28:09 INFO attendance_basic_report.py 51 insert_into_db [36mInserting into table[0m
2019-05-21 18:28:09 INFO attendance_basic_report.py 51 insert_into_db [36mInserting into table[0m
2019-05-21 18:28:09 INFO attendance_basic_report.py 51 insert_into_db [36mInserting into table[0m
2019-05-21 18:28:09 INFO attendance_basic_report.py 51 insert_into_db [36mInserting into table[0m
2019-05-21 18:28:09 INFO attendance_basic_report.py 51 insert_into_db [36mInserting into table[0m
2019-05-21 18:28:09 INFO attendance_basic_report.py 51 insert_into_db [36mInserting into table[0m
2019-05-21 18:28:09 INFO attendance_basic_report.py 51 insert_into_db [36mInserting into table[0m
2019-05-21 18:28:09 INFO attendance_basic_report.py 51 insert_into_db [36mInserting into table[0m
2019-05-21 18:28:09 INFO attendance_basic_report.py 51 insert_into_db [36mInserting into table[0m
2019-05-21 18:28:09 INFO attendance_basic_report.py 51 insert_into_db [36mInserting into table[0m
2019-05-21 18:28:09 INFO attendance_basic_report.py 51 insert_into_db [36mInserting into table[0m
2019-05-21 18:28:09 INFO attendance_basic_report.py 51 insert_into_db [36mInserting into table[0m
2019-05-21 18:28:09 INFO attendance_basic_report.py 51 insert_into_db [36mInserting into table[0m
2019-05-21 18:28:09 INFO attendance_basic_report.py 51 insert_into_db [36mInserting into table[0m
2019-05-21 18:28:09 INFO attendance_basic_report.py 51 insert_into_db [36mInserting into table[0m
2019-05-21 18:28:09 INFO attendance_basic_report.py 51 insert_into_db [36mInserting into table[0m
2019-05-21 18:28:10 INFO attendance_basic_report.py 51 insert_into_db [36mInserting into table[0m
2019-05-21 18:28:10 INFO attendance_basic_report.py 51 insert_into_db [36mInserting into table[0m
2019-05-21 18:28:10 INFO attendance_basic_report.py 51 insert_into_db [36mInserting into table[0m
2019-05-21 18:28:10 INFO attendance_basic_report.py 51 insert_into_db [36mInserting into table[0m
2019-05-21 18:28:10 INFO attendance_basic_report.py 51 insert_into_db [36mInserting into table[0m
2019-05-21 18:28:10 INFO attendance_basic_report.py 51 insert_into_db [36mInserting into table[0m
2019-05-21 18:28:10 INFO attendance_basic_report.py 51 insert_into_db [36mInserting into table[0m
2019-05-21 18:28:10 INFO attendance_basic_report.py 51 insert_into_db [36mInserting into table[0m
2019-05-21 18:28:10 INFO attendance_basic_report.py 51 insert_into_db [36mInserting into table[0m
2019-05-21 18:28:10 INFO attendance_basic_report.py 51 insert_into_db [36mInserting into table[0m
2019-05-21 18:28:10 INFO attendance_basic_report.py 51 insert_into_db [36mInserting into table[0m
2019-05-21 18:28:10 INFO attendance_basic_report.py 51 insert_into_db [36mInserting into table[0m
2019-05-21 18:28:10 INFO attendance_basic_report.py 51 insert_into_db [36mInserting into table[0m
2019-05-21 18:28:10 INFO attendance_basic_report.py 51 insert_into_db [36mInserting into table[0m
2019-05-21 18:28:10 INFO attendance_basic_report.py 51 insert_into_db [36mInserting into table[0m
2019-05-21 18:28:10 INFO attendance_basic_report.py 51 insert_into_db [36mInserting into table[0m
2019-05-21 18:28:10 INFO attendance_basic_report.py 51 insert_into_db [36mInserting into table[0m
2019-05-21 18:28:10 INFO attendance_basic_report.py 51 insert_into_db [36mInserting into table[0m
2019-05-21 18:28:10 INFO attendance_basic_report.py 51 insert_into_db [36mInserting into table[0m
2019-05-21 18:28:10 INFO attendance_basic_report.py 51 insert_into_db [36mInserting into table[0m
2019-05-21 18:28:10 INFO attendance_basic_report.py 51 insert_into_db [36mInserting into table[0m
2019-05-21 18:28:10 INFO attendance_basic_report.py 51 insert_into_db [36mInserting into table[0m
2019-05-21 18:28:10 INFO attendance_basic_report.py 51 insert_into_db [36mInserting into table[0m
2019-05-21 18:28:10 INFO attendance_basic_report.py 51 insert_into_db [36mInserting into table[0m
2019-05-21 18:28:10 INFO attendance_basic_report.py 51 insert_into_db [36mInserting into table[0m
2019-05-21 18:28:10 INFO attendance_basic_report.py 51 insert_into_db [36mInserting into table[0m
2019-05-21 18:28:11 INFO attendance_basic_report.py 51 insert_into_db [36mInserting into table[0m
2019-05-21 18:28:11 INFO attendance_basic_report.py 51 insert_into_db [36mInserting into table[0m
2019-05-21 18:28:11 INFO attendance_basic_report.py 51 insert_into_db [36mInserting into table[0m
2019-05-21 18:28:11 INFO attendance_basic_report.py 51 insert_into_db [36mInserting into table[0m
2019-05-21 18:28:11 INFO attendance_basic_report.py 51 insert_into_db [36mInserting into table[0m
2019-05-21 18:28:11 ERROR attendance_basic_report.py 56 insert_into_db [31m(1292, "Incorrect time value: 'None' for column 'in_time' at row 1")[0m
2019-05-21 18:28:11 INFO attendance_basic_report.py 96 main [33mupdated Successfully[0m
2019-05-21 18:31:58 INFO attendance_basic_report.py 51 insert_into_db [36mInserting into table[0m
2019-05-21 18:31:58 INFO attendance_basic_report.py 51 insert_into_db [36mInserting into table[0m
2019-05-21 18:31:58 INFO attendance_basic_report.py 51 insert_into_db [36mInserting into table[0m
2019-05-21 18:31:59 INFO attendance_basic_report.py 51 insert_into_db [36mInserting into table[0m
2019-05-21 18:31:59 INFO attendance_basic_report.py 51 insert_into_db [36mInserting into table[0m
2019-05-21 18:31:59 INFO attendance_basic_report.py 51 insert_into_db [36mInserting into table[0m
2019-05-21 18:31:59 INFO attendance_basic_report.py 51 insert_into_db [36mInserting into table[0m
2019-05-21 18:31:59 INFO attendance_basic_report.py 51 insert_into_db [36mInserting into table[0m
2019-05-21 18:31:59 INFO attendance_basic_report.py 51 insert_into_db [36mInserting into table[0m
2019-05-21 18:31:59 INFO attendance_basic_report.py 51 insert_into_db [36mInserting into table[0m
2019-05-21 18:31:59 INFO attendance_basic_report.py 51 insert_into_db [36mInserting into table[0m
2019-05-21 18:31:59 INFO attendance_basic_report.py 51 insert_into_db [36mInserting into table[0m
2019-05-21 18:31:59 INFO attendance_basic_report.py 51 insert_into_db [36mInserting into table[0m
2019-05-21 18:31:59 INFO attendance_basic_report.py 51 insert_into_db [36mInserting into table[0m
2019-05-21 18:31:59 INFO attendance_basic_report.py 51 insert_into_db [36mInserting into table[0m
2019-05-21 18:31:59 INFO attendance_basic_report.py 51 insert_into_db [36mInserting into table[0m
2019-05-21 18:31:59 INFO attendance_basic_report.py 51 insert_into_db [36mInserting into table[0m
2019-05-21 18:31:59 INFO attendance_basic_report.py 51 insert_into_db [36mInserting into table[0m
2019-05-21 18:31:59 INFO attendance_basic_report.py 51 insert_into_db [36mInserting into table[0m
2019-05-21 18:31:59 INFO attendance_basic_report.py 51 insert_into_db [36mInserting into table[0m
2019-05-21 18:31:59 INFO attendance_basic_report.py 51 insert_into_db [36mInserting into table[0m
2019-05-21 18:31:59 INFO attendance_basic_report.py 51 insert_into_db [36mInserting into table[0m
2019-05-21 18:31:59 INFO attendance_basic_report.py 51 insert_into_db [36mInserting into table[0m
2019-05-21 18:31:59 INFO attendance_basic_report.py 51 insert_into_db [36mInserting into table[0m
2019-05-21 18:31:59 INFO attendance_basic_report.py 51 insert_into_db [36mInserting into table[0m
2019-05-21 18:31:59 INFO attendance_basic_report.py 51 insert_into_db [36mInserting into table[0m
2019-05-21 18:32:00 INFO attendance_basic_report.py 51 insert_into_db [36mInserting into table[0m
2019-05-21 18:32:00 INFO attendance_basic_report.py 51 insert_into_db [36mInserting into table[0m
2019-05-21 18:32:00 INFO attendance_basic_report.py 51 insert_into_db [36mInserting into table[0m
2019-05-21 18:32:00 INFO attendance_basic_report.py 51 insert_into_db [36mInserting into table[0m
2019-05-21 18:32:00 INFO attendance_basic_report.py 51 insert_into_db [36mInserting into table[0m
2019-05-21 18:32:00 INFO attendance_basic_report.py 51 insert_into_db [36mInserting into table[0m
2019-05-21 18:32:00 INFO attendance_basic_report.py 51 insert_into_db [36mInserting into table[0m
2019-05-21 18:32:00 INFO attendance_basic_report.py 51 insert_into_db [36mInserting into table[0m
2019-05-21 18:32:00 INFO attendance_basic_report.py 51 insert_into_db [36mInserting into table[0m
2019-05-21 18:32:00 INFO attendance_basic_report.py 51 insert_into_db [36mInserting into table[0m
2019-05-21 18:32:00 INFO attendance_basic_report.py 51 insert_into_db [36mInserting into table[0m
2019-05-21 18:32:00 INFO attendance_basic_report.py 51 insert_into_db [36mInserting into table[0m
2019-05-21 18:32:00 INFO attendance_basic_report.py 51 insert_into_db [36mInserting into table[0m
2019-05-21 18:32:00 INFO attendance_basic_report.py 51 insert_into_db [36mInserting into table[0m
2019-05-21 18:32:00 INFO attendance_basic_report.py 51 insert_into_db [36mInserting into table[0m
2019-05-21 18:32:00 INFO attendance_basic_report.py 51 insert_into_db [36mInserting into table[0m
2019-05-21 18:32:00 INFO attendance_basic_report.py 51 insert_into_db [36mInserting into table[0m
2019-05-21 18:32:00 INFO attendance_basic_report.py 51 insert_into_db [36mInserting into table[0m
2019-05-21 18:32:00 INFO attendance_basic_report.py 51 insert_into_db [36mInserting into table[0m
2019-05-21 18:32:00 INFO attendance_basic_report.py 51 insert_into_db [36mInserting into table[0m
2019-05-21 18:32:00 INFO attendance_basic_report.py 51 insert_into_db [36mInserting into table[0m
2019-05-21 18:32:00 INFO attendance_basic_report.py 51 insert_into_db [36mInserting into table[0m
2019-05-21 18:32:00 INFO attendance_basic_report.py 51 insert_into_db [36mInserting into table[0m
2019-05-21 18:32:01 INFO attendance_basic_report.py 51 insert_into_db [36mInserting into table[0m
2019-05-21 18:32:01 INFO attendance_basic_report.py 51 insert_into_db [36mInserting into table[0m
2019-05-21 18:32:01 INFO attendance_basic_report.py 51 insert_into_db [36mInserting into table[0m
2019-05-21 18:32:01 INFO attendance_basic_report.py 51 insert_into_db [36mInserting into table[0m
2019-05-21 18:32:01 INFO attendance_basic_report.py 51 insert_into_db [36mInserting into table[0m
2019-05-21 18:32:01 INFO attendance_basic_report.py 51 insert_into_db [36mInserting into table[0m
2019-05-21 18:32:01 INFO attendance_basic_report.py 51 insert_into_db [36mInserting into table[0m
2019-05-21 18:32:01 INFO attendance_basic_report.py 51 insert_into_db [36mInserting into table[0m
2019-05-21 18:32:01 INFO attendance_basic_report.py 51 insert_into_db [36mInserting into table[0m
2019-05-21 18:32:01 INFO attendance_basic_report.py 51 insert_into_db [36mInserting into table[0m
2019-05-21 18:32:01 INFO attendance_basic_report.py 51 insert_into_db [36mInserting into table[0m
2019-05-21 18:32:01 INFO attendance_basic_report.py 51 insert_into_db [36mInserting into table[0m
2019-05-21 18:32:01 INFO attendance_basic_report.py 51 insert_into_db [36mInserting into table[0m
2019-05-21 18:32:01 INFO attendance_basic_report.py 51 insert_into_db [36mInserting into table[0m
2019-05-21 18:32:01 INFO attendance_basic_report.py 51 insert_into_db [36mInserting into table[0m
2019-05-21 18:32:01 INFO attendance_basic_report.py 51 insert_into_db [36mInserting into table[0m
2019-05-21 18:32:01 INFO attendance_basic_report.py 51 insert_into_db [36mInserting into table[0m
2019-05-21 18:32:01 INFO attendance_basic_report.py 51 insert_into_db [36mInserting into table[0m
2019-05-21 18:32:01 INFO attendance_basic_report.py 51 insert_into_db [36mInserting into table[0m
2019-05-21 18:32:01 INFO attendance_basic_report.py 51 insert_into_db [36mInserting into table[0m
2019-05-21 18:32:02 INFO attendance_basic_report.py 51 insert_into_db [36mInserting into table[0m
2019-05-21 18:32:02 INFO attendance_basic_report.py 51 insert_into_db [36mInserting into table[0m
2019-05-21 18:32:02 INFO attendance_basic_report.py 51 insert_into_db [36mInserting into table[0m
2019-05-21 18:32:02 INFO attendance_basic_report.py 51 insert_into_db [36mInserting into table[0m
2019-05-21 18:32:02 INFO attendance_basic_report.py 51 insert_into_db [36mInserting into table[0m
2019-05-21 18:32:02 INFO attendance_basic_report.py 51 insert_into_db [36mInserting into table[0m
2019-05-21 18:32:02 INFO attendance_basic_report.py 51 insert_into_db [36mInserting into table[0m
2019-05-21 18:32:02 INFO attendance_basic_report.py 51 insert_into_db [36mInserting into table[0m
2019-05-21 18:32:02 INFO attendance_basic_report.py 51 insert_into_db [36mInserting into table[0m
2019-05-21 18:32:02 INFO attendance_basic_report.py 51 insert_into_db [36mInserting into table[0m
2019-05-21 18:32:02 INFO attendance_basic_report.py 51 insert_into_db [36mInserting into table[0m
2019-05-21 18:32:02 INFO attendance_basic_report.py 51 insert_into_db [36mInserting into table[0m
2019-05-21 18:32:02 INFO attendance_basic_report.py 51 insert_into_db [36mInserting into table[0m
2019-05-21 18:32:02 INFO attendance_basic_report.py 51 insert_into_db [36mInserting into table[0m
2019-05-21 18:32:02 INFO attendance_basic_report.py 51 insert_into_db [36mInserting into table[0m
2019-05-21 18:32:02 INFO attendance_basic_report.py 51 insert_into_db [36mInserting into table[0m
2019-05-21 18:32:02 INFO attendance_basic_report.py 51 insert_into_db [36mInserting into table[0m
2019-05-21 18:32:02 ERROR attendance_basic_report.py 56 insert_into_db [31m(1292, "Incorrect time value: 'None' for column 'in_time' at row 1")[0m
2019-05-21 18:32:02 INFO attendance_basic_report.py 96 main [33mupdated Successfully[0m
2019-05-22 10:24:50 INFO attendance_basic_report.py 51 insert_into_db [36mInserting into table[0m
2019-05-22 10:24:50 INFO attendance_basic_report.py 51 insert_into_db [36mInserting into table[0m
2019-05-22 10:24:50 INFO attendance_basic_report.py 51 insert_into_db [36mInserting into table[0m
2019-05-22 10:24:50 INFO attendance_basic_report.py 51 insert_into_db [36mInserting into table[0m
2019-05-22 10:24:50 INFO attendance_basic_report.py 51 insert_into_db [36mInserting into table[0m
2019-05-22 10:24:50 INFO attendance_basic_report.py 51 insert_into_db [36mInserting into table[0m
2019-05-22 10:24:50 INFO attendance_basic_report.py 51 insert_into_db [36mInserting into table[0m
2019-05-22 10:24:50 INFO attendance_basic_report.py 51 insert_into_db [36mInserting into table[0m
2019-05-22 10:24:50 INFO attendance_basic_report.py 51 insert_into_db [36mInserting into table[0m
2019-05-22 10:24:51 INFO attendance_basic_report.py 51 insert_into_db [36mInserting into table[0m
2019-05-22 10:24:51 INFO attendance_basic_report.py 51 insert_into_db [36mInserting into table[0m
2019-05-22 10:24:51 INFO attendance_basic_report.py 51 insert_into_db [36mInserting into table[0m
2019-05-22 10:24:51 INFO attendance_basic_report.py 51 insert_into_db [36mInserting into table[0m
2019-05-22 10:24:51 INFO attendance_basic_report.py 51 insert_into_db [36mInserting into table[0m
2019-05-22 10:24:51 INFO attendance_basic_report.py 51 insert_into_db [36mInserting into table[0m
2019-05-22 10:24:51 INFO attendance_basic_report.py 51 insert_into_db [36mInserting into table[0m
2019-05-22 10:24:51 INFO attendance_basic_report.py 51 insert_into_db [36mInserting into table[0m
2019-05-22 10:24:51 INFO attendance_basic_report.py 51 insert_into_db [36mInserting into table[0m
2019-05-22 10:24:51 INFO attendance_basic_report.py 51 insert_into_db [36mInserting into table[0m
2019-05-22 10:24:51 INFO attendance_basic_report.py 51 insert_into_db [36mInserting into table[0m
2019-05-22 10:24:51 INFO attendance_basic_report.py 51 insert_into_db [36mInserting into table[0m
2019-05-22 10:24:51 INFO attendance_basic_report.py 51 insert_into_db [36mInserting into table[0m
2019-05-22 10:24:51 INFO attendance_basic_report.py 51 insert_into_db [36mInserting into table[0m
2019-05-22 10:24:51 INFO attendance_basic_report.py 51 insert_into_db [36mInserting into table[0m
2019-05-22 10:24:51 INFO attendance_basic_report.py 51 insert_into_db [36mInserting into table[0m
2019-05-22 10:24:51 INFO attendance_basic_report.py 51 insert_into_db [36mInserting into table[0m
2019-05-22 10:24:51 INFO attendance_basic_report.py 51 insert_into_db [36mInserting into table[0m
2019-05-22 10:24:51 INFO attendance_basic_report.py 51 insert_into_db [36mInserting into table[0m
2019-05-22 10:24:51 INFO attendance_basic_report.py 51 insert_into_db [36mInserting into table[0m
2019-05-22 10:24:51 INFO attendance_basic_report.py 51 insert_into_db [36mInserting into table[0m
2019-05-22 10:24:51 INFO attendance_basic_report.py 51 insert_into_db [36mInserting into table[0m
2019-05-22 10:24:51 INFO attendance_basic_report.py 51 insert_into_db [36mInserting into table[0m
2019-05-22 10:24:51 INFO attendance_basic_report.py 51 insert_into_db [36mInserting into table[0m
2019-05-22 10:24:51 INFO attendance_basic_report.py 51 insert_into_db [36mInserting into table[0m
2019-05-22 10:24:52 INFO attendance_basic_report.py 51 insert_into_db [36mInserting into table[0m
2019-05-22 10:24:52 INFO attendance_basic_report.py 51 insert_into_db [36mInserting into table[0m
2019-05-22 10:24:52 INFO attendance_basic_report.py 51 insert_into_db [36mInserting into table[0m
2019-05-22 10:24:52 INFO attendance_basic_report.py 51 insert_into_db [36mInserting into table[0m
2019-05-22 10:24:52 INFO attendance_basic_report.py 51 insert_into_db [36mInserting into table[0m
2019-05-22 10:24:52 INFO attendance_basic_report.py 51 insert_into_db [36mInserting into table[0m
2019-05-22 10:24:52 INFO attendance_basic_report.py 51 insert_into_db [36mInserting into table[0m
2019-05-22 10:24:52 INFO attendance_basic_report.py 51 insert_into_db [36mInserting into table[0m
2019-05-22 10:24:52 INFO attendance_basic_report.py 51 insert_into_db [36mInserting into table[0m
2019-05-22 10:24:52 INFO attendance_basic_report.py 51 insert_into_db [36mInserting into table[0m
2019-05-22 10:24:52 INFO attendance_basic_report.py 51 insert_into_db [36mInserting into table[0m
2019-05-22 10:24:52 INFO attendance_basic_report.py 51 insert_into_db [36mInserting into table[0m
2019-05-22 10:24:52 INFO attendance_basic_report.py 51 insert_into_db [36mInserting into table[0m
2019-05-22 10:24:52 INFO attendance_basic_report.py 51 insert_into_db [36mInserting into table[0m
2019-05-22 10:24:52 INFO attendance_basic_report.py 51 insert_into_db [36mInserting into table[0m
2019-05-22 10:24:52 INFO attendance_basic_report.py 51 insert_into_db [36mInserting into table[0m
2019-05-22 10:24:52 INFO attendance_basic_report.py 51 insert_into_db [36mInserting into table[0m
2019-05-22 10:24:52 INFO attendance_basic_report.py 51 insert_into_db [36mInserting into table[0m
2019-05-22 10:24:52 INFO attendance_basic_report.py 51 insert_into_db [36mInserting into table[0m
2019-05-22 10:24:52 INFO attendance_basic_report.py 51 insert_into_db [36mInserting into table[0m
2019-05-22 10:24:52 INFO attendance_basic_report.py 51 insert_into_db [36mInserting into table[0m
2019-05-22 10:24:52 INFO attendance_basic_report.py 51 insert_into_db [36mInserting into table[0m
2019-05-22 10:24:52 INFO attendance_basic_report.py 51 insert_into_db [36mInserting into table[0m
2019-05-22 10:24:52 INFO attendance_basic_report.py 51 insert_into_db [36mInserting into table[0m
2019-05-22 10:24:52 INFO attendance_basic_report.py 51 insert_into_db [36mInserting into table[0m
2019-05-22 10:24:52 INFO attendance_basic_report.py 51 insert_into_db [36mInserting into table[0m
2019-05-22 10:24:52 INFO attendance_basic_report.py 51 insert_into_db [36mInserting into table[0m
2019-05-22 10:24:53 INFO attendance_basic_report.py 51 insert_into_db [36mInserting into table[0m
2019-05-22 10:24:53 INFO attendance_basic_report.py 51 insert_into_db [36mInserting into table[0m
2019-05-22 10:24:53 INFO attendance_basic_report.py 51 insert_into_db [36mInserting into table[0m
2019-05-22 10:24:53 INFO attendance_basic_report.py 51 insert_into_db [36mInserting into table[0m
2019-05-22 10:24:53 INFO attendance_basic_report.py 51 insert_into_db [36mInserting into table[0m
2019-05-22 10:24:53 INFO attendance_basic_report.py 51 insert_into_db [36mInserting into table[0m
2019-05-22 10:24:53 INFO attendance_basic_report.py 51 insert_into_db [36mInserting into table[0m
2019-05-22 10:24:53 INFO attendance_basic_report.py 51 insert_into_db [36mInserting into table[0m
2019-05-22 10:24:53 INFO attendance_basic_report.py 51 insert_into_db [36mInserting into table[0m
2019-05-22 10:24:53 INFO attendance_basic_report.py 51 insert_into_db [36mInserting into table[0m
2019-05-22 10:24:53 INFO attendance_basic_report.py 51 insert_into_db [36mInserting into table[0m
2019-05-22 10:24:53 INFO attendance_basic_report.py 51 insert_into_db [36mInserting into table[0m
2019-05-22 10:24:53 INFO attendance_basic_report.py 51 insert_into_db [36mInserting into table[0m
2019-05-22 10:24:53 INFO attendance_basic_report.py 51 insert_into_db [36mInserting into table[0m
2019-05-22 10:24:53 INFO attendance_basic_report.py 51 insert_into_db [36mInserting into table[0m
2019-05-22 10:24:53 INFO attendance_basic_report.py 51 insert_into_db [36mInserting into table[0m
2019-05-22 10:24:53 INFO attendance_basic_report.py 51 insert_into_db [36mInserting into table[0m
2019-05-22 10:24:53 INFO attendance_basic_report.py 51 insert_into_db [36mInserting into table[0m
2019-05-22 10:24:53 INFO attendance_basic_report.py 51 insert_into_db [36mInserting into table[0m
2019-05-22 10:24:53 INFO attendance_basic_report.py 51 insert_into_db [36mInserting into table[0m
2019-05-22 10:24:53 INFO attendance_basic_report.py 51 insert_into_db [36mInserting into table[0m
2019-05-22 10:24:54 INFO attendance_basic_report.py 51 insert_into_db [36mInserting into table[0m
2019-05-22 10:24:54 INFO attendance_basic_report.py 51 insert_into_db [36mInserting into table[0m
2019-05-22 10:24:54 INFO attendance_basic_report.py 51 insert_into_db [36mInserting into table[0m
2019-05-22 10:24:54 INFO attendance_basic_report.py 51 insert_into_db [36mInserting into table[0m
2019-05-22 10:24:54 ERROR attendance_basic_report.py 56 insert_into_db [31m(1292, "Incorrect time value: 'None' for column 'in_time' at row 1")[0m
2019-05-22 10:24:54 INFO attendance_basic_report.py 96 main [33mupdated Successfully[0m
2019-05-23 09:53:19 INFO attendance_basic_report.py 51 insert_into_db [36mInserting into table[0m
2019-05-23 09:53:19 INFO attendance_basic_report.py 51 insert_into_db [36mInserting into table[0m
2019-05-23 09:53:19 INFO attendance_basic_report.py 51 insert_into_db [36mInserting into table[0m
2019-05-23 09:53:19 INFO attendance_basic_report.py 51 insert_into_db [36mInserting into table[0m
2019-05-23 09:53:19 INFO attendance_basic_report.py 51 insert_into_db [36mInserting into table[0m
2019-05-23 09:53:19 INFO attendance_basic_report.py 51 insert_into_db [36mInserting into table[0m
2019-05-23 09:53:19 INFO attendance_basic_report.py 51 insert_into_db [36mInserting into table[0m
2019-05-23 09:53:19 INFO attendance_basic_report.py 51 insert_into_db [36mInserting into table[0m
2019-05-23 09:53:19 INFO attendance_basic_report.py 51 insert_into_db [36mInserting into table[0m
2019-05-23 09:53:19 INFO attendance_basic_report.py 51 insert_into_db [36mInserting into table[0m
2019-05-23 09:53:19 INFO attendance_basic_report.py 51 insert_into_db [36mInserting into table[0m
2019-05-23 09:53:19 INFO attendance_basic_report.py 51 insert_into_db [36mInserting into table[0m
2019-05-23 09:53:19 INFO attendance_basic_report.py 51 insert_into_db [36mInserting into table[0m
2019-05-23 09:53:19 INFO attendance_basic_report.py 51 insert_into_db [36mInserting into table[0m
2019-05-23 09:53:20 INFO attendance_basic_report.py 51 insert_into_db [36mInserting into table[0m
2019-05-23 09:53:20 INFO attendance_basic_report.py 51 insert_into_db [36mInserting into table[0m
2019-05-23 09:53:20 INFO attendance_basic_report.py 51 insert_into_db [36mInserting into table[0m
2019-05-23 09:53:20 INFO attendance_basic_report.py 51 insert_into_db [36mInserting into table[0m
2019-05-23 09:53:20 INFO attendance_basic_report.py 51 insert_into_db [36mInserting into table[0m
2019-05-23 09:53:20 INFO attendance_basic_report.py 51 insert_into_db [36mInserting into table[0m
2019-05-23 09:53:20 INFO attendance_basic_report.py 51 insert_into_db [36mInserting into table[0m
2019-05-23 09:53:20 INFO attendance_basic_report.py 51 insert_into_db [36mInserting into table[0m
2019-05-23 09:53:20 INFO attendance_basic_report.py 51 insert_into_db [36mInserting into table[0m
2019-05-23 09:53:20 INFO attendance_basic_report.py 51 insert_into_db [36mInserting into table[0m
2019-05-23 09:53:20 INFO attendance_basic_report.py 51 insert_into_db [36mInserting into table[0m
2019-05-23 09:53:20 INFO attendance_basic_report.py 51 insert_into_db [36mInserting into table[0m
2019-05-23 09:53:20 INFO attendance_basic_report.py 51 insert_into_db [36mInserting into table[0m
2019-05-23 09:53:20 INFO attendance_basic_report.py 51 insert_into_db [36mInserting into table[0m
2019-05-23 09:53:20 INFO attendance_basic_report.py 51 insert_into_db [36mInserting into table[0m
2019-05-23 09:53:20 INFO attendance_basic_report.py 51 insert_into_db [36mInserting into table[0m
2019-05-23 09:53:20 INFO attendance_basic_report.py 51 insert_into_db [36mInserting into table[0m
2019-05-23 09:53:20 INFO attendance_basic_report.py 51 insert_into_db [36mInserting into table[0m
2019-05-23 09:53:20 INFO attendance_basic_report.py 51 insert_into_db [36mInserting into table[0m
2019-05-23 09:53:20 INFO attendance_basic_report.py 51 insert_into_db [36mInserting into table[0m
2019-05-23 09:53:20 INFO attendance_basic_report.py 51 insert_into_db [36mInserting into table[0m
2019-05-23 09:53:21 INFO attendance_basic_report.py 51 insert_into_db [36mInserting into table[0m
2019-05-23 09:53:21 INFO attendance_basic_report.py 51 insert_into_db [36mInserting into table[0m
2019-05-23 09:53:21 INFO attendance_basic_report.py 51 insert_into_db [36mInserting into table[0m
2019-05-23 09:53:21 INFO attendance_basic_report.py 51 insert_into_db [36mInserting into table[0m
2019-05-23 09:53:21 INFO attendance_basic_report.py 51 insert_into_db [36mInserting into table[0m
2019-05-23 09:53:21 INFO attendance_basic_report.py 51 insert_into_db [36mInserting into table[0m
2019-05-23 09:53:21 INFO attendance_basic_report.py 51 insert_into_db [36mInserting into table[0m
2019-05-23 09:53:21 INFO attendance_basic_report.py 51 insert_into_db [36mInserting into table[0m
2019-05-23 09:53:21 INFO attendance_basic_report.py 51 insert_into_db [36mInserting into table[0m
2019-05-23 09:53:21 INFO attendance_basic_report.py 51 insert_into_db [36mInserting into table[0m
2019-05-23 09:53:21 INFO attendance_basic_report.py 51 insert_into_db [36mInserting into table[0m
2019-05-23 09:53:21 INFO attendance_basic_report.py 51 insert_into_db [36mInserting into table[0m
2019-05-23 09:53:21 INFO attendance_basic_report.py 51 insert_into_db [36mInserting into table[0m
2019-05-23 09:53:21 INFO attendance_basic_report.py 51 insert_into_db [36mInserting into table[0m
2019-05-23 09:53:21 INFO attendance_basic_report.py 51 insert_into_db [36mInserting into table[0m
2019-05-23 09:53:21 INFO attendance_basic_report.py 51 insert_into_db [36mInserting into table[0m
2019-05-23 09:53:21 INFO attendance_basic_report.py 51 insert_into_db [36mInserting into table[0m
2019-05-23 09:53:21 INFO attendance_basic_report.py 51 insert_into_db [36mInserting into table[0m
2019-05-23 09:53:21 INFO attendance_basic_report.py 51 insert_into_db [36mInserting into table[0m
2019-05-23 09:53:21 INFO attendance_basic_report.py 51 insert_into_db [36mInserting into table[0m
2019-05-23 09:53:21 INFO attendance_basic_report.py 51 insert_into_db [36mInserting into table[0m
2019-05-23 09:53:21 INFO attendance_basic_report.py 51 insert_into_db [36mInserting into table[0m
2019-05-23 09:53:21 INFO attendance_basic_report.py 51 insert_into_db [36mInserting into table[0m
2019-05-23 09:53:21 INFO attendance_basic_report.py 51 insert_into_db [36mInserting into table[0m
2019-05-23 09:53:22 INFO attendance_basic_report.py 51 insert_into_db [36mInserting into table[0m
2019-05-23 09:53:22 INFO attendance_basic_report.py 51 insert_into_db [36mInserting into table[0m
2019-05-23 09:53:22 INFO attendance_basic_report.py 51 insert_into_db [36mInserting into table[0m
2019-05-23 09:53:22 INFO attendance_basic_report.py 51 insert_into_db [36mInserting into table[0m
2019-05-23 09:53:22 INFO attendance_basic_report.py 51 insert_into_db [36mInserting into table[0m
2019-05-23 09:53:22 INFO attendance_basic_report.py 51 insert_into_db [36mInserting into table[0m
2019-05-23 09:53:22 INFO attendance_basic_report.py 51 insert_into_db [36mInserting into table[0m
2019-05-23 09:53:22 INFO attendance_basic_report.py 51 insert_into_db [36mInserting into table[0m
2019-05-23 09:53:22 INFO attendance_basic_report.py 51 insert_into_db [36mInserting into table[0m
2019-05-23 09:53:22 INFO attendance_basic_report.py 51 insert_into_db [36mInserting into table[0m
2019-05-23 09:53:22 INFO attendance_basic_report.py 51 insert_into_db [36mInserting into table[0m
2019-05-23 09:53:22 INFO attendance_basic_report.py 51 insert_into_db [36mInserting into table[0m
2019-05-23 09:53:22 INFO attendance_basic_report.py 51 insert_into_db [36mInserting into table[0m
2019-05-23 09:53:22 INFO attendance_basic_report.py 51 insert_into_db [36mInserting into table[0m
2019-05-23 09:53:22 INFO attendance_basic_report.py 51 insert_into_db [36mInserting into table[0m
2019-05-23 09:53:22 INFO attendance_basic_report.py 51 insert_into_db [36mInserting into table[0m
2019-05-23 09:53:22 INFO attendance_basic_report.py 51 insert_into_db [36mInserting into table[0m
2019-05-23 09:53:22 INFO attendance_basic_report.py 51 insert_into_db [36mInserting into table[0m
2019-05-23 09:53:22 INFO attendance_basic_report.py 51 insert_into_db [36mInserting into table[0m
2019-05-23 09:53:22 INFO attendance_basic_report.py 51 insert_into_db [36mInserting into table[0m
2019-05-23 09:53:22 INFO attendance_basic_report.py 51 insert_into_db [36mInserting into table[0m
2019-05-23 09:53:22 INFO attendance_basic_report.py 51 insert_into_db [36mInserting into table[0m
2019-05-23 09:53:22 INFO attendance_basic_report.py 51 insert_into_db [36mInserting into table[0m
2019-05-23 09:53:22 INFO attendance_basic_report.py 51 insert_into_db [36mInserting into table[0m
2019-05-23 09:53:23 INFO attendance_basic_report.py 51 insert_into_db [36mInserting into table[0m
2019-05-23 09:53:23 INFO attendance_basic_report.py 51 insert_into_db [36mInserting into table[0m
2019-05-23 09:53:23 INFO attendance_basic_report.py 51 insert_into_db [36mInserting into table[0m
2019-05-23 09:53:23 ERROR attendance_basic_report.py 56 insert_into_db [31m(1292, "Incorrect time value: 'None' for column 'in_time' at row 1")[0m
2019-05-23 09:53:23 INFO attendance_basic_report.py 96 main [33mupdated Successfully[0m
2019-05-23 10:58:40 INFO attendance_basic_report.py 51 insert_into_db [36mInserting into table[0m
2019-05-23 10:58:40 INFO attendance_basic_report.py 51 insert_into_db [36mInserting into table[0m
2019-05-23 10:58:40 INFO attendance_basic_report.py 51 insert_into_db [36mInserting into table[0m
2019-05-23 10:58:40 INFO attendance_basic_report.py 51 insert_into_db [36mInserting into table[0m
2019-05-23 10:58:40 INFO attendance_basic_report.py 51 insert_into_db [36mInserting into table[0m
2019-05-23 10:58:40 INFO attendance_basic_report.py 51 insert_into_db [36mInserting into table[0m
2019-05-23 10:58:40 INFO attendance_basic_report.py 51 insert_into_db [36mInserting into table[0m
2019-05-23 10:58:40 INFO attendance_basic_report.py 51 insert_into_db [36mInserting into table[0m
2019-05-23 10:58:40 INFO attendance_basic_report.py 51 insert_into_db [36mInserting into table[0m
2019-05-23 10:58:40 INFO attendance_basic_report.py 51 insert_into_db [36mInserting into table[0m
2019-05-23 10:58:40 INFO attendance_basic_report.py 51 insert_into_db [36mInserting into table[0m
2019-05-23 10:58:40 INFO attendance_basic_report.py 51 insert_into_db [36mInserting into table[0m
2019-05-23 10:58:40 INFO attendance_basic_report.py 51 insert_into_db [36mInserting into table[0m
2019-05-23 10:58:40 INFO attendance_basic_report.py 51 insert_into_db [36mInserting into table[0m
2019-05-23 10:58:40 INFO attendance_basic_report.py 51 insert_into_db [36mInserting into table[0m
2019-05-23 10:58:40 INFO attendance_basic_report.py 51 insert_into_db [36mInserting into table[0m
2019-05-23 10:58:40 INFO attendance_basic_report.py 51 insert_into_db [36mInserting into table[0m
2019-05-23 10:58:40 INFO attendance_basic_report.py 51 insert_into_db [36mInserting into table[0m
2019-05-23 10:58:40 INFO attendance_basic_report.py 51 insert_into_db [36mInserting into table[0m
2019-05-23 10:58:40 INFO attendance_basic_report.py 51 insert_into_db [36mInserting into table[0m
2019-05-23 10:58:40 INFO attendance_basic_report.py 51 insert_into_db [36mInserting into table[0m
2019-05-23 10:58:41 INFO attendance_basic_report.py 51 insert_into_db [36mInserting into table[0m
2019-05-23 10:58:41 INFO attendance_basic_report.py 51 insert_into_db [36mInserting into table[0m
2019-05-23 10:58:41 INFO attendance_basic_report.py 51 insert_into_db [36mInserting into table[0m
2019-05-23 10:58:41 INFO attendance_basic_report.py 51 insert_into_db [36mInserting into table[0m
2019-05-23 10:58:41 INFO attendance_basic_report.py 51 insert_into_db [36mInserting into table[0m
2019-05-23 10:58:41 INFO attendance_basic_report.py 51 insert_into_db [36mInserting into table[0m
2019-05-23 10:58:41 INFO attendance_basic_report.py 51 insert_into_db [36mInserting into table[0m
2019-05-23 10:58:41 INFO attendance_basic_report.py 51 insert_into_db [36mInserting into table[0m
2019-05-23 10:58:41 INFO attendance_basic_report.py 51 insert_into_db [36mInserting into table[0m
2019-05-23 10:58:41 INFO attendance_basic_report.py 51 insert_into_db [36mInserting into table[0m
2019-05-23 10:58:41 INFO attendance_basic_report.py 51 insert_into_db [36mInserting into table[0m
2019-05-23 10:58:41 INFO attendance_basic_report.py 51 insert_into_db [36mInserting into table[0m
2019-05-23 10:58:41 INFO attendance_basic_report.py 51 insert_into_db [36mInserting into table[0m
2019-05-23 10:58:41 INFO attendance_basic_report.py 51 insert_into_db [36mInserting into table[0m
2019-05-23 10:58:41 INFO attendance_basic_report.py 51 insert_into_db [36mInserting into table[0m
2019-05-23 10:58:41 INFO attendance_basic_report.py 51 insert_into_db [36mInserting into table[0m
2019-05-23 10:58:41 INFO attendance_basic_report.py 51 insert_into_db [36mInserting into table[0m
2019-05-23 10:58:41 INFO attendance_basic_report.py 51 insert_into_db [36mInserting into table[0m
2019-05-23 10:58:41 INFO attendance_basic_report.py 51 insert_into_db [36mInserting into table[0m
2019-05-23 10:58:41 INFO attendance_basic_report.py 51 insert_into_db [36mInserting into table[0m
2019-05-23 10:58:41 INFO attendance_basic_report.py 51 insert_into_db [36mInserting into table[0m
2019-05-23 10:58:41 INFO attendance_basic_report.py 51 insert_into_db [36mInserting into table[0m
2019-05-23 10:58:41 INFO attendance_basic_report.py 51 insert_into_db [36mInserting into table[0m
2019-05-23 10:58:41 INFO attendance_basic_report.py 51 insert_into_db [36mInserting into table[0m
2019-05-23 10:58:41 INFO attendance_basic_report.py 51 insert_into_db [36mInserting into table[0m
2019-05-23 10:58:42 INFO attendance_basic_report.py 51 insert_into_db [36mInserting into table[0m
2019-05-23 10:58:42 INFO attendance_basic_report.py 51 insert_into_db [36mInserting into table[0m
2019-05-23 10:58:42 INFO attendance_basic_report.py 51 insert_into_db [36mInserting into table[0m
2019-05-23 10:58:42 INFO attendance_basic_report.py 51 insert_into_db [36mInserting into table[0m
2019-05-23 10:58:42 INFO attendance_basic_report.py 51 insert_into_db [36mInserting into table[0m
2019-05-23 10:58:42 INFO attendance_basic_report.py 51 insert_into_db [36mInserting into table[0m
2019-05-23 10:58:42 INFO attendance_basic_report.py 51 insert_into_db [36mInserting into table[0m
2019-05-23 10:58:42 INFO attendance_basic_report.py 51 insert_into_db [36mInserting into table[0m
2019-05-23 10:58:42 INFO attendance_basic_report.py 51 insert_into_db [36mInserting into table[0m
2019-05-23 10:58:42 INFO attendance_basic_report.py 51 insert_into_db [36mInserting into table[0m
2019-05-23 10:58:42 INFO attendance_basic_report.py 51 insert_into_db [36mInserting into table[0m
2019-05-23 10:58:42 INFO attendance_basic_report.py 51 insert_into_db [36mInserting into table[0m
2019-05-23 10:58:42 INFO attendance_basic_report.py 51 insert_into_db [36mInserting into table[0m
2019-05-23 10:58:42 INFO attendance_basic_report.py 51 insert_into_db [36mInserting into table[0m
2019-05-23 10:58:42 INFO attendance_basic_report.py 51 insert_into_db [36mInserting into table[0m
2019-05-23 10:58:42 INFO attendance_basic_report.py 51 insert_into_db [36mInserting into table[0m
2019-05-23 10:58:42 INFO attendance_basic_report.py 51 insert_into_db [36mInserting into table[0m
2019-05-23 10:58:42 INFO attendance_basic_report.py 51 insert_into_db [36mInserting into table[0m
2019-05-23 10:58:42 INFO attendance_basic_report.py 51 insert_into_db [36mInserting into table[0m
2019-05-23 10:58:42 INFO attendance_basic_report.py 51 insert_into_db [36mInserting into table[0m
2019-05-23 10:58:42 INFO attendance_basic_report.py 51 insert_into_db [36mInserting into table[0m
2019-05-23 10:58:42 INFO attendance_basic_report.py 51 insert_into_db [36mInserting into table[0m
2019-05-23 10:58:42 INFO attendance_basic_report.py 51 insert_into_db [36mInserting into table[0m
2019-05-23 10:58:42 INFO attendance_basic_report.py 51 insert_into_db [36mInserting into table[0m
2019-05-23 10:58:42 INFO attendance_basic_report.py 51 insert_into_db [36mInserting into table[0m
2019-05-23 10:58:43 INFO attendance_basic_report.py 51 insert_into_db [36mInserting into table[0m
2019-05-23 10:58:43 INFO attendance_basic_report.py 51 insert_into_db [36mInserting into table[0m
2019-05-23 10:58:43 INFO attendance_basic_report.py 51 insert_into_db [36mInserting into table[0m
2019-05-23 10:58:43 INFO attendance_basic_report.py 51 insert_into_db [36mInserting into table[0m
2019-05-23 10:58:43 INFO attendance_basic_report.py 51 insert_into_db [36mInserting into table[0m
2019-05-23 10:58:43 INFO attendance_basic_report.py 51 insert_into_db [36mInserting into table[0m
2019-05-23 10:58:43 INFO attendance_basic_report.py 51 insert_into_db [36mInserting into table[0m
2019-05-23 10:58:43 INFO attendance_basic_report.py 51 insert_into_db [36mInserting into table[0m
2019-05-23 10:58:43 INFO attendance_basic_report.py 51 insert_into_db [36mInserting into table[0m
2019-05-23 10:58:43 INFO attendance_basic_report.py 51 insert_into_db [36mInserting into table[0m
2019-05-23 10:58:43 INFO attendance_basic_report.py 51 insert_into_db [36mInserting into table[0m
2019-05-23 10:58:43 INFO attendance_basic_report.py 51 insert_into_db [36mInserting into table[0m
2019-05-23 10:58:43 INFO attendance_basic_report.py 51 insert_into_db [36mInserting into table[0m
2019-05-23 10:58:43 INFO attendance_basic_report.py 51 insert_into_db [36mInserting into table[0m
2019-05-23 10:58:43 INFO attendance_basic_report.py 51 insert_into_db [36mInserting into table[0m
2019-05-23 10:58:43 ERROR attendance_basic_report.py 56 insert_into_db [31m(1292, "Incorrect time value: 'None' for column 'in_time' at row 1")[0m
2019-05-23 10:58:43 INFO attendance_basic_report.py 96 main [33mupdated Successfully[0m
2019-05-23 10:59:08 INFO attendance_basic_report.py 51 insert_into_db [36mInserting into table[0m
2019-05-23 10:59:08 INFO attendance_basic_report.py 51 insert_into_db [36mInserting into table[0m
2019-05-23 10:59:08 INFO attendance_basic_report.py 51 insert_into_db [36mInserting into table[0m
2019-05-23 10:59:08 INFO attendance_basic_report.py 51 insert_into_db [36mInserting into table[0m
2019-05-23 10:59:08 INFO attendance_basic_report.py 51 insert_into_db [36mInserting into table[0m
2019-05-23 10:59:08 INFO attendance_basic_report.py 51 insert_into_db [36mInserting into table[0m
2019-05-23 10:59:08 INFO attendance_basic_report.py 51 insert_into_db [36mInserting into table[0m
2019-05-23 10:59:08 INFO attendance_basic_report.py 51 insert_into_db [36mInserting into table[0m
2019-05-23 10:59:08 INFO attendance_basic_report.py 51 insert_into_db [36mInserting into table[0m
2019-05-23 10:59:08 INFO attendance_basic_report.py 51 insert_into_db [36mInserting into table[0m
2019-05-23 10:59:08 INFO attendance_basic_report.py 51 insert_into_db [36mInserting into table[0m
2019-05-23 10:59:08 INFO attendance_basic_report.py 51 insert_into_db [36mInserting into table[0m
2019-05-23 10:59:08 INFO attendance_basic_report.py 51 insert_into_db [36mInserting into table[0m
2019-05-23 10:59:08 INFO attendance_basic_report.py 51 insert_into_db [36mInserting into table[0m
2019-05-23 10:59:08 INFO attendance_basic_report.py 51 insert_into_db [36mInserting into table[0m
2019-05-23 10:59:08 INFO attendance_basic_report.py 51 insert_into_db [36mInserting into table[0m
2019-05-23 10:59:08 INFO attendance_basic_report.py 51 insert_into_db [36mInserting into table[0m
2019-05-23 10:59:08 INFO attendance_basic_report.py 51 insert_into_db [36mInserting into table[0m
2019-05-23 10:59:08 INFO attendance_basic_report.py 51 insert_into_db [36mInserting into table[0m
2019-05-23 10:59:08 INFO attendance_basic_report.py 51 insert_into_db [36mInserting into table[0m
2019-05-23 10:59:08 INFO attendance_basic_report.py 51 insert_into_db [36mInserting into table[0m
2019-05-23 10:59:09 INFO attendance_basic_report.py 51 insert_into_db [36mInserting into table[0m
2019-05-23 10:59:09 INFO attendance_basic_report.py 51 insert_into_db [36mInserting into table[0m
2019-05-23 10:59:09 INFO attendance_basic_report.py 51 insert_into_db [36mInserting into table[0m
2019-05-23 10:59:09 INFO attendance_basic_report.py 51 insert_into_db [36mInserting into table[0m
2019-05-23 10:59:09 INFO attendance_basic_report.py 51 insert_into_db [36mInserting into table[0m
2019-05-23 10:59:09 INFO attendance_basic_report.py 51 insert_into_db [36mInserting into table[0m
2019-05-23 10:59:09 INFO attendance_basic_report.py 51 insert_into_db [36mInserting into table[0m
2019-05-23 10:59:09 INFO attendance_basic_report.py 51 insert_into_db [36mInserting into table[0m
2019-05-23 10:59:09 INFO attendance_basic_report.py 51 insert_into_db [36mInserting into table[0m
2019-05-23 10:59:09 INFO attendance_basic_report.py 51 insert_into_db [36mInserting into table[0m
2019-05-23 10:59:09 INFO attendance_basic_report.py 51 insert_into_db [36mInserting into table[0m
2019-05-23 10:59:09 INFO attendance_basic_report.py 51 insert_into_db [36mInserting into table[0m
2019-05-23 10:59:09 INFO attendance_basic_report.py 51 insert_into_db [36mInserting into table[0m
2019-05-23 10:59:09 INFO attendance_basic_report.py 51 insert_into_db [36mInserting into table[0m
2019-05-23 10:59:09 INFO attendance_basic_report.py 51 insert_into_db [36mInserting into table[0m
2019-05-23 10:59:09 INFO attendance_basic_report.py 51 insert_into_db [36mInserting into table[0m
2019-05-23 10:59:09 INFO attendance_basic_report.py 51 insert_into_db [36mInserting into table[0m
2019-05-23 10:59:09 INFO attendance_basic_report.py 51 insert_into_db [36mInserting into table[0m
2019-05-23 10:59:09 INFO attendance_basic_report.py 51 insert_into_db [36mInserting into table[0m
2019-05-23 10:59:09 INFO attendance_basic_report.py 51 insert_into_db [36mInserting into table[0m
2019-05-23 10:59:09 INFO attendance_basic_report.py 51 insert_into_db [36mInserting into table[0m
2019-05-23 10:59:10 INFO attendance_basic_report.py 51 insert_into_db [36mInserting into table[0m
2019-05-23 10:59:10 INFO attendance_basic_report.py 51 insert_into_db [36mInserting into table[0m
2019-05-23 10:59:10 INFO attendance_basic_report.py 51 insert_into_db [36mInserting into table[0m
2019-05-23 10:59:10 INFO attendance_basic_report.py 51 insert_into_db [36mInserting into table[0m
2019-05-23 10:59:10 INFO attendance_basic_report.py 51 insert_into_db [36mInserting into table[0m
2019-05-23 10:59:10 INFO attendance_basic_report.py 51 insert_into_db [36mInserting into table[0m
2019-05-23 10:59:10 INFO attendance_basic_report.py 51 insert_into_db [36mInserting into table[0m
2019-05-23 10:59:10 INFO attendance_basic_report.py 51 insert_into_db [36mInserting into table[0m
2019-05-23 10:59:10 INFO attendance_basic_report.py 51 insert_into_db [36mInserting into table[0m
2019-05-23 10:59:10 INFO attendance_basic_report.py 51 insert_into_db [36mInserting into table[0m
2019-05-23 10:59:10 INFO attendance_basic_report.py 51 insert_into_db [36mInserting into table[0m
2019-05-23 10:59:10 INFO attendance_basic_report.py 51 insert_into_db [36mInserting into table[0m
2019-05-23 10:59:10 INFO attendance_basic_report.py 51 insert_into_db [36mInserting into table[0m
2019-05-23 10:59:10 INFO attendance_basic_report.py 51 insert_into_db [36mInserting into table[0m
2019-05-23 10:59:10 INFO attendance_basic_report.py 51 insert_into_db [36mInserting into table[0m
2019-05-23 10:59:10 INFO attendance_basic_report.py 51 insert_into_db [36mInserting into table[0m
2019-05-23 10:59:10 INFO attendance_basic_report.py 51 insert_into_db [36mInserting into table[0m
2019-05-23 10:59:10 INFO attendance_basic_report.py 51 insert_into_db [36mInserting into table[0m
2019-05-23 10:59:10 INFO attendance_basic_report.py 51 insert_into_db [36mInserting into table[0m
2019-05-23 10:59:10 INFO attendance_basic_report.py 51 insert_into_db [36mInserting into table[0m
2019-05-23 10:59:10 INFO attendance_basic_report.py 51 insert_into_db [36mInserting into table[0m
2019-05-23 10:59:10 INFO attendance_basic_report.py 51 insert_into_db [36mInserting into table[0m
2019-05-23 10:59:10 INFO attendance_basic_report.py 51 insert_into_db [36mInserting into table[0m
2019-05-23 10:59:10 INFO attendance_basic_report.py 51 insert_into_db [36mInserting into table[0m
2019-05-23 10:59:10 INFO attendance_basic_report.py 51 insert_into_db [36mInserting into table[0m
2019-05-23 10:59:10 INFO attendance_basic_report.py 51 insert_into_db [36mInserting into table[0m
2019-05-23 10:59:10 INFO attendance_basic_report.py 51 insert_into_db [36mInserting into table[0m
2019-05-23 10:59:10 INFO attendance_basic_report.py 51 insert_into_db [36mInserting into table[0m
2019-05-23 10:59:10 INFO attendance_basic_report.py 51 insert_into_db [36mInserting into table[0m
2019-05-23 10:59:11 INFO attendance_basic_report.py 51 insert_into_db [36mInserting into table[0m
2019-05-23 10:59:11 INFO attendance_basic_report.py 51 insert_into_db [36mInserting into table[0m
2019-05-23 10:59:11 INFO attendance_basic_report.py 51 insert_into_db [36mInserting into table[0m
2019-05-23 10:59:11 INFO attendance_basic_report.py 51 insert_into_db [36mInserting into table[0m
2019-05-23 10:59:11 INFO attendance_basic_report.py 51 insert_into_db [36mInserting into table[0m
2019-05-23 10:59:11 INFO attendance_basic_report.py 51 insert_into_db [36mInserting into table[0m
2019-05-23 10:59:11 INFO attendance_basic_report.py 51 insert_into_db [36mInserting into table[0m
2019-05-23 10:59:11 INFO attendance_basic_report.py 51 insert_into_db [36mInserting into table[0m
2019-05-23 10:59:11 INFO attendance_basic_report.py 51 insert_into_db [36mInserting into table[0m
2019-05-23 10:59:11 INFO attendance_basic_report.py 51 insert_into_db [36mInserting into table[0m
2019-05-23 10:59:11 INFO attendance_basic_report.py 51 insert_into_db [36mInserting into table[0m
2019-05-23 10:59:11 INFO attendance_basic_report.py 51 insert_into_db [36mInserting into table[0m
2019-05-23 10:59:11 INFO attendance_basic_report.py 51 insert_into_db [36mInserting into table[0m
2019-05-23 10:59:11 INFO attendance_basic_report.py 51 insert_into_db [36mInserting into table[0m
2019-05-23 10:59:11 INFO attendance_basic_report.py 51 insert_into_db [36mInserting into table[0m
2019-05-23 10:59:11 ERROR attendance_basic_report.py 56 insert_into_db [31m(1292, "Incorrect time value: 'None' for column 'in_time' at row 1")[0m
2019-05-23 10:59:11 INFO attendance_basic_report.py 96 main [33mupdated Successfully[0m
2019-05-24 09:44:15 INFO attendance_basic_report.py 51 insert_into_db [36mInserting into table[0m
2019-05-24 09:44:15 INFO attendance_basic_report.py 51 insert_into_db [36mInserting into table[0m
2019-05-24 09:44:15 INFO attendance_basic_report.py 51 insert_into_db [36mInserting into table[0m
2019-05-24 09:44:15 INFO attendance_basic_report.py 51 insert_into_db [36mInserting into table[0m
2019-05-24 09:44:15 INFO attendance_basic_report.py 51 insert_into_db [36mInserting into table[0m
2019-05-24 09:44:15 INFO attendance_basic_report.py 51 insert_into_db [36mInserting into table[0m
2019-05-24 09:44:15 INFO attendance_basic_report.py 51 insert_into_db [36mInserting into table[0m
2019-05-24 09:44:15 INFO attendance_basic_report.py 51 insert_into_db [36mInserting into table[0m
2019-05-24 09:44:15 INFO attendance_basic_report.py 51 insert_into_db [36mInserting into table[0m
2019-05-24 09:44:15 INFO attendance_basic_report.py 51 insert_into_db [36mInserting into table[0m
2019-05-24 09:44:15 INFO attendance_basic_report.py 51 insert_into_db [36mInserting into table[0m
2019-05-24 09:44:16 INFO attendance_basic_report.py 51 insert_into_db [36mInserting into table[0m
2019-05-24 09:44:16 INFO attendance_basic_report.py 51 insert_into_db [36mInserting into table[0m
2019-05-24 09:44:16 INFO attendance_basic_report.py 51 insert_into_db [36mInserting into table[0m
2019-05-24 09:44:16 INFO attendance_basic_report.py 51 insert_into_db [36mInserting into table[0m
2019-05-24 09:44:16 INFO attendance_basic_report.py 51 insert_into_db [36mInserting into table[0m
2019-05-24 09:44:16 INFO attendance_basic_report.py 51 insert_into_db [36mInserting into table[0m
2019-05-24 09:44:16 INFO attendance_basic_report.py 51 insert_into_db [36mInserting into table[0m
2019-05-24 09:44:16 INFO attendance_basic_report.py 51 insert_into_db [36mInserting into table[0m
2019-05-24 09:44:16 INFO attendance_basic_report.py 51 insert_into_db [36mInserting into table[0m
2019-05-24 09:44:16 INFO attendance_basic_report.py 51 insert_into_db [36mInserting into table[0m
2019-05-24 09:44:16 INFO attendance_basic_report.py 51 insert_into_db [36mInserting into table[0m
2019-05-24 09:44:16 INFO attendance_basic_report.py 51 insert_into_db [36mInserting into table[0m
2019-05-24 09:44:16 INFO attendance_basic_report.py 51 insert_into_db [36mInserting into table[0m
2019-05-24 09:44:16 INFO attendance_basic_report.py 51 insert_into_db [36mInserting into table[0m
2019-05-24 09:44:16 INFO attendance_basic_report.py 51 insert_into_db [36mInserting into table[0m
2019-05-24 09:44:16 INFO attendance_basic_report.py 51 insert_into_db [36mInserting into table[0m
2019-05-24 09:44:16 INFO attendance_basic_report.py 51 insert_into_db [36mInserting into table[0m
2019-05-24 09:44:16 INFO attendance_basic_report.py 51 insert_into_db [36mInserting into table[0m
2019-05-24 09:44:16 INFO attendance_basic_report.py 51 insert_into_db [36mInserting into table[0m
2019-05-24 09:44:16 INFO attendance_basic_report.py 51 insert_into_db [36mInserting into table[0m
2019-05-24 09:44:16 INFO attendance_basic_report.py 51 insert_into_db [36mInserting into table[0m
2019-05-24 09:44:16 INFO attendance_basic_report.py 51 insert_into_db [36mInserting into table[0m
2019-05-24 09:44:16 INFO attendance_basic_report.py 51 insert_into_db [36mInserting into table[0m
2019-05-24 09:44:16 INFO attendance_basic_report.py 51 insert_into_db [36mInserting into table[0m
2019-05-24 09:44:16 INFO attendance_basic_report.py 51 insert_into_db [36mInserting into table[0m
2019-05-24 09:44:16 INFO attendance_basic_report.py 51 insert_into_db [36mInserting into table[0m
2019-05-24 09:44:17 INFO attendance_basic_report.py 51 insert_into_db [36mInserting into table[0m
2019-05-24 09:44:17 INFO attendance_basic_report.py 51 insert_into_db [36mInserting into table[0m
2019-05-24 09:44:17 INFO attendance_basic_report.py 51 insert_into_db [36mInserting into table[0m
2019-05-24 09:44:17 INFO attendance_basic_report.py 51 insert_into_db [36mInserting into table[0m
2019-05-24 09:44:17 INFO attendance_basic_report.py 51 insert_into_db [36mInserting into table[0m
2019-05-24 09:44:17 INFO attendance_basic_report.py 51 insert_into_db [36mInserting into table[0m
2019-05-24 09:44:17 INFO attendance_basic_report.py 51 insert_into_db [36mInserting into table[0m
2019-05-24 09:44:17 INFO attendance_basic_report.py 51 insert_into_db [36mInserting into table[0m
2019-05-24 09:44:17 INFO attendance_basic_report.py 51 insert_into_db [36mInserting into table[0m
2019-05-24 09:44:17 INFO attendance_basic_report.py 51 insert_into_db [36mInserting into table[0m
2019-05-24 09:44:17 INFO attendance_basic_report.py 51 insert_into_db [36mInserting into table[0m
2019-05-24 09:44:17 INFO attendance_basic_report.py 51 insert_into_db [36mInserting into table[0m
2019-05-24 09:44:17 INFO attendance_basic_report.py 51 insert_into_db [36mInserting into table[0m
2019-05-24 09:44:17 INFO attendance_basic_report.py 51 insert_into_db [36mInserting into table[0m
2019-05-24 09:44:17 INFO attendance_basic_report.py 51 insert_into_db [36mInserting into table[0m
2019-05-24 09:44:17 INFO attendance_basic_report.py 51 insert_into_db [36mInserting into table[0m
2019-05-24 09:44:17 INFO attendance_basic_report.py 51 insert_into_db [36mInserting into table[0m
2019-05-24 09:44:17 INFO attendance_basic_report.py 51 insert_into_db [36mInserting into table[0m
2019-05-24 09:44:17 INFO attendance_basic_report.py 51 insert_into_db [36mInserting into table[0m
2019-05-24 09:44:17 INFO attendance_basic_report.py 51 insert_into_db [36mInserting into table[0m
2019-05-24 09:44:17 INFO attendance_basic_report.py 51 insert_into_db [36mInserting into table[0m
2019-05-24 09:44:18 INFO attendance_basic_report.py 51 insert_into_db [36mInserting into table[0m
2019-05-24 09:44:18 INFO attendance_basic_report.py 51 insert_into_db [36mInserting into table[0m
2019-05-24 09:44:18 INFO attendance_basic_report.py 51 insert_into_db [36mInserting into table[0m
2019-05-24 09:44:18 INFO attendance_basic_report.py 51 insert_into_db [36mInserting into table[0m
2019-05-24 09:44:18 INFO attendance_basic_report.py 51 insert_into_db [36mInserting into table[0m
2019-05-24 09:44:18 INFO attendance_basic_report.py 51 insert_into_db [36mInserting into table[0m
2019-05-24 09:44:18 INFO attendance_basic_report.py 51 insert_into_db [36mInserting into table[0m
2019-05-24 09:44:18 INFO attendance_basic_report.py 51 insert_into_db [36mInserting into table[0m
2019-05-24 09:44:18 INFO attendance_basic_report.py 51 insert_into_db [36mInserting into table[0m
2019-05-24 09:44:18 INFO attendance_basic_report.py 51 insert_into_db [36mInserting into table[0m
2019-05-24 09:44:18 INFO attendance_basic_report.py 51 insert_into_db [36mInserting into table[0m
2019-05-24 09:44:18 INFO attendance_basic_report.py 51 insert_into_db [36mInserting into table[0m
2019-05-24 09:44:18 INFO attendance_basic_report.py 51 insert_into_db [36mInserting into table[0m
2019-05-24 09:44:18 INFO attendance_basic_report.py 51 insert_into_db [36mInserting into table[0m
2019-05-24 09:44:18 INFO attendance_basic_report.py 51 insert_into_db [36mInserting into table[0m
2019-05-24 09:44:18 INFO attendance_basic_report.py 51 insert_into_db [36mInserting into table[0m
2019-05-24 09:44:18 INFO attendance_basic_report.py 51 insert_into_db [36mInserting into table[0m
2019-05-24 09:44:18 INFO attendance_basic_report.py 51 insert_into_db [36mInserting into table[0m
2019-05-24 09:44:18 INFO attendance_basic_report.py 51 insert_into_db [36mInserting into table[0m
2019-05-24 09:44:18 INFO attendance_basic_report.py 51 insert_into_db [36mInserting into table[0m
2019-05-24 09:44:18 INFO attendance_basic_report.py 51 insert_into_db [36mInserting into table[0m
2019-05-24 09:44:18 INFO attendance_basic_report.py 51 insert_into_db [36mInserting into table[0m
2019-05-24 09:44:18 INFO attendance_basic_report.py 51 insert_into_db [36mInserting into table[0m
2019-05-24 09:44:19 INFO attendance_basic_report.py 51 insert_into_db [36mInserting into table[0m
2019-05-24 09:44:19 INFO attendance_basic_report.py 51 insert_into_db [36mInserting into table[0m
2019-05-24 09:44:19 INFO attendance_basic_report.py 51 insert_into_db [36mInserting into table[0m
2019-05-24 09:44:19 INFO attendance_basic_report.py 51 insert_into_db [36mInserting into table[0m
2019-05-24 09:44:19 INFO attendance_basic_report.py 51 insert_into_db [36mInserting into table[0m
2019-05-24 09:44:19 ERROR attendance_basic_report.py 56 insert_into_db [31m(1292, "Incorrect time value: 'None' for column 'in_time' at row 1")[0m
2019-05-24 09:44:19 INFO attendance_basic_report.py 96 main [33mupdated Successfully[0m
2019-05-27 12:28:28 ERROR google_drive_api.py 39 list_drive_dir [31mfile is not present in this folder[0m
2019-05-27 12:28:28 ERROR google_drive_api.py 64 download_file_from_drive [31mFolder is empty[0m
2019-05-27 12:29:28 INFO google_drive_api.py 41 list_drive_dir [32mFile Present in google drive:[0m
2019-05-27 12:29:28 INFO google_drive_api.py 43 list_drive_dir [32mDailyAttendance_BasicReport 17 May.xls[0m
2019-05-27 12:29:29 INFO google_drive_api.py 50 download_file [36mDownloaded: DailyAttendance_BasicReport 17 May.xls[0m
2019-05-27 12:29:29 INFO google_drive_api.py 55 delete_all_files [33mDeleted: DailyAttendance_BasicReport 17 May.xls[0m
2019-05-27 12:40:43 INFO google_drive_api.py 41 list_drive_dir [32mFile Present in google drive:[0m
2019-05-27 12:40:43 INFO google_drive_api.py 43 list_drive_dir [32mDailyAttendance_BasicReport 2 May.xls[0m
2019-05-27 12:40:44 INFO google_drive_api.py 50 download_file [36mDownloaded: DailyAttendance_BasicReport 2 May.xls[0m
2019-05-27 12:40:44 INFO google_drive_api.py 55 delete_all_files [33mDeleted: DailyAttendance_BasicReport 2 May.xls[0m
2019-05-27 12:44:21 ERROR google_drive_api.py 39 list_drive_dir [31mfile is not present in this folder[0m
2019-05-27 12:44:21 ERROR google_drive_api.py 64 download_file_from_drive [31mFolder is empty[0m
2019-05-27 12:44:48 ERROR google_drive_api.py 39 list_drive_dir [31mfile is not present in this folder[0m
2019-05-27 12:44:48 ERROR google_drive_api.py 64 download_file_from_drive [31mFolder is empty[0m
2019-05-27 16:37:52 ERROR google_drive_api.py 39 list_drive_dir [31mfile is not present in this folder[0m
2019-05-27 16:37:52 ERROR google_drive_api.py 64 download_file_from_drive [31mFolder is empty[0m
2019-05-27 17:07:38 ERROR google_drive_api.py 39 list_drive_dir [31mfile is not present in this folder[0m
2019-05-27 17:07:38 ERROR google_drive_api.py 64 download_file_from_drive [31mFolder is empty[0m
2019-05-27 17:09:00 ERROR google_drive_api.py 39 list_drive_dir [31mfile is not present in this folder[0m
2019-05-27 17:09:00 ERROR google_drive_api.py 64 download_file_from_drive [31mFolder is empty[0m
2019-05-27 17:09:50 ERROR google_drive_api.py 39 list_drive_dir [31mfile is not present in this folder[0m
2019-05-27 17:09:50 ERROR google_drive_api.py 64 download_file_from_drive [31mFolder is empty[0m
2019-05-27 17:09:55 ERROR google_drive_api.py 39 list_drive_dir [31mfile is not present in this folder[0m
2019-05-27 17:09:55 ERROR google_drive_api.py 64 download_file_from_drive [31mFolder is empty[0m
2019-05-27 17:59:49 ERROR google_drive_api.py 39 list_drive_dir [31mfile is not present in this folder[0m
2019-05-27 17:59:49 ERROR google_drive_api.py 64 download_file_from_drive [31mFolder is empty[0m
2019-05-27 18:25:34 ERROR google_drive_api.py 39 list_drive_dir [31mfile is not present in this folder[0m
2019-05-27 18:25:34 ERROR google_drive_api.py 64 download_file_from_drive [31mFolder is empty[0m
2019-05-27 18:28:01 ERROR google_drive_api.py 39 list_drive_dir [31mfile is not present in this folder[0m
2019-05-27 18:28:01 ERROR google_drive_api.py 64 download_file_from_drive [31mFolder is empty[0m
2019-05-27 18:28:01 ERROR attendance_basic_report.py 108 main [31mfile not downloaded[0m
